19:55:51,041 INFOS [org.jboss.modules] JBoss Modules version 1.1.1.GA
19:55:51,198 INFO  [org.jboss.msc] JBoss MSC version 1.0.2.GA
19:55:51,245 INFO  [org.jboss.as] JBAS015899: JBoss AS 7.1.1.Final "Brontes" starting
19:55:51,245 DEBUG [org.jboss.as.config] Configured system properties:
	awt.toolkit = sun.awt.windows.WToolkit
	file.encoding = Cp1252
	file.encoding.pkg = sun.io
	file.separator = \
	java.awt.graphicsenv = sun.awt.Win32GraphicsEnvironment
	java.awt.headless = true
	java.awt.printerjob = sun.awt.windows.WPrinterJob
	java.class.path = D:\Master GL 2\Maven\jboss-as-7.1.1.Final\jboss-modules.jar
	java.class.version = 51.0
	java.endorsed.dirs = C:\Program Files\Java\jre7\lib\endorsed
	java.ext.dirs = C:\Program Files\Java\jre7\lib\ext;C:\WINDOWS\Sun\Java\lib\ext
	java.home = C:\Program Files\Java\jre7
	java.io.tmpdir = C:\Users\JAWHAR\AppData\Local\Temp\
	java.library.path = C:\Program Files\Java\jre7\bin;C:\WINDOWS\Sun\Java\bin;C:\WINDOWS\system32;C:\WINDOWS;native;C:\Program Files (x86)\EasyPHP-DevServer-14.1VC9\binaries\php\php_runningversion;C:\Program Files (x86)\EasyPHP-DevServer-14.1VC11\binaries\php\php_runningversion;C:\Program Files (x86)\NVIDIA Corporation\PhysX\Common;C:\Program Files (x86)\Intel\iCLS Client\;C:\Program Files\Intel\iCLS Client\;C:\WINDOWS\system32;C:\WINDOWS;C:\WINDOWS\System32\Wbem;C:\WINDOWS\System32\WindowsPowerShell\v1.0\;C:\Program Files\Intel\Intel(R) Management Engine Components\DAL;C:\Program Files\Intel\Intel(R) Management Engine Components\IPT;C:\Program Files (x86)\Intel\Intel(R) Management Engine Components\DAL;C:\Program Files (x86)\Intel\Intel(R) Management Engine Components\IPT;C:\Program Files (x86)\Intel\OpenCL SDK\2.0\bin\x86;C:\Program Files (x86)\Intel\OpenCL SDK\2.0\bin\x64;C:\Program Files\Java\jdk1.7.0_71\bin;C:\Program Files\Git\cmd;C:\Program Files\Git\mingw64\bin;C:\Program Files\Git\bin;C:\Program Files\cmder\bin;C:\Program Files\nodejs\;C:\Program Files (x86)\Brackets\command;C:\Program Files (x86)\Skype\Phone\;C:\Ruby21-x64\bin;C:\Users\JAWHAR\AppData\Roaming\npm;.
	java.net.preferIPv4Stack = true
	java.runtime.name = Java(TM) SE Runtime Environment
	java.runtime.version = 1.7.0_71-b14
	java.specification.name = Java Platform API Specification
	java.specification.vendor = Oracle Corporation
	java.specification.version = 1.7
	java.util.logging.manager = org.jboss.logmanager.LogManager
	java.vendor = Oracle Corporation
	java.vendor.url = http://java.oracle.com/
	java.vendor.url.bug = http://bugreport.sun.com/bugreport/
	java.version = 1.7.0_71
	java.vm.info = mixed mode
	java.vm.name = Java HotSpot(TM) 64-Bit Server VM
	java.vm.specification.name = Java Virtual Machine Specification
	java.vm.specification.vendor = Oracle Corporation
	java.vm.specification.version = 1.7
	java.vm.vendor = Oracle Corporation
	java.vm.version = 24.71-b01
	javax.management.builder.initial = org.jboss.as.jmx.PluggableMBeanServerBuilder
	javax.xml.datatype.DatatypeFactory = __redirected.__DatatypeFactory
	javax.xml.parsers.DocumentBuilderFactory = __redirected.__DocumentBuilderFactory
	javax.xml.parsers.SAXParserFactory = __redirected.__SAXParserFactory
	javax.xml.stream.XMLEventFactory = __redirected.__XMLEventFactory
	javax.xml.stream.XMLInputFactory = __redirected.__XMLInputFactory
	javax.xml.stream.XMLOutputFactory = __redirected.__XMLOutputFactory
	javax.xml.transform.TransformerFactory = __redirected.__TransformerFactory
	javax.xml.validation.SchemaFactory:http://www.w3.org/2001/XMLSchema = __redirected.__SchemaFactory
	javax.xml.xpath.XPathFactory:http://java.sun.com/jaxp/xpath/dom = __redirected.__XPathFactory
	jboss.bind.address = localhost
	jboss.home.dir = D:\Master GL 2\Maven\jboss-as-7.1.1.Final
	jboss.host.name = youssef-jawhar
	jboss.modules.dir = D:\Master GL 2\Maven\jboss-as-7.1.1.Final\modules
	jboss.modules.system.pkgs = org.jboss.byteman
	jboss.node.name = youssef-jawhar
	jboss.qualified.host.name = youssef-jawhar
	jboss.server.base.dir = D:\Master GL 2\Maven\jboss-as-7.1.1.Final\standalone
	jboss.server.config.dir = D:\Master GL 2\Maven\jboss-as-7.1.1.Final\standalone\configuration
	jboss.server.data.dir = D:\Master GL 2\Maven\jboss-as-7.1.1.Final\standalone\data
	jboss.server.deploy.dir = D:\Master GL 2\Maven\jboss-as-7.1.1.Final\standalone\data\content
	jboss.server.log.dir = D:\Master GL 2\Maven\jboss-as-7.1.1.Final\standalone\log
	jboss.server.name = youssef-jawhar
	jboss.server.temp.dir = D:\Master GL 2\Maven\jboss-as-7.1.1.Final\standalone\tmp
	line.separator = 

	logging.configuration = file:/D:/Master%20GL%202/Maven/jboss-as-7.1.1.Final/standalone/configuration/logging.properties
	module.path = D:/Master GL 2/Maven/jboss-as-7.1.1.Final/modules
	org.jboss.boot.log.file = D:/Master GL 2/Maven/jboss-as-7.1.1.Final/standalone/log/boot.log
	org.jboss.resolver.warning = true
	org.xml.sax.driver = __redirected.__XMLReaderFactory
	os.arch = amd64
	os.name = Windows 8
	os.version = 6.2
	path.separator = ;
	program.name = JBossTools: JBoss 7.1 Runtime Server
	sun.arch.data.model = 64
	sun.boot.class.path = C:\Program Files\Java\jre7\lib\resources.jar;C:\Program Files\Java\jre7\lib\rt.jar;C:\Program Files\Java\jre7\lib\sunrsasign.jar;C:\Program Files\Java\jre7\lib\jsse.jar;C:\Program Files\Java\jre7\lib\jce.jar;C:\Program Files\Java\jre7\lib\charsets.jar;C:\Program Files\Java\jre7\lib\jfr.jar;C:\Program Files\Java\jre7\classes
	sun.boot.library.path = C:\Program Files\Java\jre7\bin
	sun.cpu.endian = little
	sun.cpu.isalist = amd64
	sun.desktop = windows
	sun.io.unicode.encoding = UnicodeLittle
	sun.java.command = org.jboss.modules.Main -mp D:/Master GL 2/Maven/jboss-as-7.1.1.Final/modules -jaxpmodule javax.xml.jaxp-provider org.jboss.as.standalone -b localhost --server-config=standalone.xml
	sun.java.launcher = SUN_STANDARD
	sun.jnu.encoding = Cp1252
	sun.management.compiler = HotSpot 64-Bit Tiered Compilers
	sun.os.patch.level = 
	sun.rmi.dgc.client.gcInterval = 3600000
	sun.rmi.dgc.server.gcInterval = 3600000
	user.country = FR
	user.dir = D:\Master GL 2\Maven\jboss-as-7.1.1.Final\bin
	user.home = C:\Users\JAWHAR
	user.language = fr
	user.name = JAWHAR
	user.script = 
	user.timezone = Europe/Paris
	user.variant = 
19:55:51,260 DEBUG [org.jboss.as.config] VM Arguments: -Dprogram.name=JBossTools: JBoss 7.1 Runtime Server -Xms64m -Xmx512m -XX:MaxPermSize=256m -Dorg.jboss.resolver.warning=true -Djava.net.preferIPv4Stack=true -Dsun.rmi.dgc.client.gcInterval=3600000 -Dsun.rmi.dgc.server.gcInterval=3600000 -Djboss.modules.system.pkgs=org.jboss.byteman -Djava.awt.headless=true -Dorg.jboss.boot.log.file=D:/Master GL 2/Maven/jboss-as-7.1.1.Final/standalone/log/boot.log -Dlogging.configuration=file:/D:/Master%20GL%202/Maven/jboss-as-7.1.1.Final/standalone/configuration/logging.properties -Djboss.home.dir=D:/Master GL 2/Maven/jboss-as-7.1.1.Final -Dfile.encoding=Cp1252 
19:55:51,807 INFO  [org.xnio] XNIO Version 3.0.3.GA
19:55:51,807 INFO  [org.jboss.as.server] JBAS015888: Creating http management service using socket-binding (management-http)
19:55:51,807 INFO  [org.xnio.nio] XNIO NIO Implementation Version 3.0.3.GA
19:55:51,824 INFO  [org.jboss.remoting] JBoss Remoting version 3.2.3.GA
19:55:51,839 INFO  [org.jboss.as.logging] JBAS011502: Removing bootstrap log handlers
